<?xml version="1.0" encoding="UTF-8"?>
<robot generator="Robot 7.2.2 (Python 3.12.5 on win32)" generated="2025-02-24T06:51:37.227135" rpa="false" schemaversion="5">
<suite id="s1" name="Bookstore" source="D:\Programming\git-forks\robotframework-browserpom\tests\bookstore.robot">
<test id="s1-t1" name="Search" line="9">
<kw name="Open Browser" owner="Browser" type="SETUP">
<msg time="2025-02-24T06:51:37.399100" level="WARN">Open Browser is for quick experimentation and debugging only. Use New Page for production.</msg>
<msg time="2025-02-24T06:51:37.399100" level="INFO">{"browser": "chromium", "headless": true, "chromiumSandbox": false, "devtools": false, "handleSIGHUP": true, "handleSIGINT": true, "handleSIGTERM": true, "slowMo": 0.0, "timeout": 30000.0, "tracesDir": "D:\\Programming\\git-forks\\robotframework-browserpom\\browser\\traces\\6c1ff64e-6318-4c76-b4c8-dcb65b24f419"}</msg>
<msg time="2025-02-24T06:51:37.418139" level="INFO">Starting Browser process D:\Programming\git-forks\robotframework-browserpom\.venv\Lib\site-packages\Browser\wrapper\index.js using port 59396</msg>
<msg time="2025-02-24T06:51:37.418139" level="INFO">Node startup parameters: ['node', 'D:\\Programming\\git-forks\\robotframework-browserpom\\.venv\\Lib\\site-packages\\Browser\\wrapper\\index.js', '59396']</msg>
<msg time="2025-02-24T06:51:38.599074" level="INFO">Successfully created browser with options: {"browser":"chromium","headless":true,"chromiumSandbox":false,"devtools":false,"handleSIGHUP":true,"handleSIGINT":true,"handleSIGTERM":true,"slowMo":0,"timeout":30000,"tracesDir":"D:\\Programming\\git-forks\\robotframework-browserpom\\browser\\traces\\6c1ff64e-6318-4c76-b4c8-dcb65b24f419"}</msg>
<msg time="2025-02-24T06:51:38.600074" level="INFO">{
  "acceptDownloads": true,
  "bypassCSP": true,
  "forcedColors": "none",
  "ignoreHTTPSErrors": false,
  "javaScriptEnabled": true,
  "offline": false,
  "reducedMotion": "no-preference",
  "serviceWorkers": "allow",
  "viewport": {
    "height": 720,
    "width": 1280
  }
}</msg>
<msg time="2025-02-24T06:51:38.611616" level="INFO">Successfully created context. </msg>
<msg time="2025-02-24T06:51:38.611616" level="INFO">{'acceptDownloads': True, 'bypassCSP': True, 'forcedColors': 'none', 'ignoreHTTPSErrors': False, 'javaScriptEnabled': True, 'offline': False, 'reducedMotion': 'no-preference', 'serviceWorkers': 'allow', 'viewport': {'height': 720, 'width': 1280}}</msg>
<msg time="2025-02-24T06:51:39.121113" level="INFO">Successfully initialized new page object and opened url: https://automationbookstore.dev</msg>
<arg>https://automationbookstore.dev</arg>
<arg>headless=True</arg>
<tag>BrowserControl</tag>
<tag>Setter</tag>
<doc>Opens a new browser instance. Use this keyword for quick experiments or debugging sessions.</doc>
<status status="PASS" start="2025-02-24T06:51:37.398099" elapsed="1.723014"/>
</kw>
<kw name="Go To Page" owner="BrowserPOM">
<msg time="2025-02-24T06:51:39.353549" level="INFO">Successfully opened URL https://automationbookstore.dev/index.html</msg>
<arg>MainPage</arg>
<tag>page-object</tag>
<tag>selenium</tag>
<doc>Go to the url for the given page object.</doc>
<status status="PASS" start="2025-02-24T06:51:39.122616" elapsed="0.230933"/>
</kw>
<kw name="Get Tile Count" owner="MainPage">
<msg time="2025-02-24T06:51:39.380574" level="INFO">${tileCount} = 8</msg>
<var>${tileCount}</var>
<status status="PASS" start="2025-02-24T06:51:39.353549" elapsed="0.027025"/>
</kw>
<kw name="Should Be Equal As Integers" owner="BuiltIn">
<msg time="2025-02-24T06:51:39.381574" level="INFO">Argument types are:
&lt;class 'int'&gt;
&lt;class 'str'&gt;</msg>
<arg>${tileCount}</arg>
<arg>8</arg>
<doc>Fails if objects are unequal after converting them to integers.</doc>
<status status="PASS" start="2025-02-24T06:51:39.380574" elapsed="0.001000"/>
</kw>
<kw name="Get Classes" owner="Browser">
<msg time="2025-02-24T06:51:39.402555" level="INFO">Property: {'0': 'ui-li-has-thumb', '1': 'ui-first-child'}</msg>
<msg time="2025-02-24T06:51:39.402555" level="INFO">${classes} = ['ui-li-has-thumb', 'ui-first-child']</msg>
<var>${classes}</var>
<arg>${MainPage.tile[1]}</arg>
<tag>Assertion</tag>
<tag>Getter</tag>
<tag>PageContent</tag>
<doc>Returns all classes of an element as a list.</doc>
<status status="PASS" start="2025-02-24T06:51:39.381574" elapsed="0.020981"/>
</kw>
<kw name="Should Be Equal" owner="BuiltIn">
<arg>${classes[0]}</arg>
<arg>ui-li-has-thumb</arg>
<doc>Fails if the given objects are unequal.</doc>
<status status="PASS" start="2025-02-24T06:51:39.402555" elapsed="0.000000"/>
</kw>
<kw name="Should Be Equal" owner="BuiltIn">
<arg>${classes[1]}</arg>
<arg>ui-first-child</arg>
<doc>Fails if the given objects are unequal.</doc>
<status status="PASS" start="2025-02-24T06:51:39.403567" elapsed="0.000000"/>
</kw>
<msg time="2025-02-24T06:51:39.406567" level="INFO">Set timeout to: 10000</msg>
<msg time="2025-02-24T06:51:39.412569" level="INFO">Switching context to context=4cd8ac41-58d3-4d63-9ba6-60ee73dea6fc in CURRENT</msg>
<msg time="2025-02-24T06:51:39.416684" level="INFO">Successfully changed active context: context=4cd8ac41-58d3-4d63-9ba6-60ee73dea6fc</msg>
<msg time="2025-02-24T06:51:39.420198" level="INFO">Switching browser to CURRENT</msg>
<msg time="2025-02-24T06:51:39.421198" level="INFO">Returned active browser id. CURRENT</msg>
<msg time="2025-02-24T06:51:39.421198" level="INFO">Switching browser to browser=c2d61702-9ac0-4a01-a6e1-9c77798d87d7</msg>
<msg time="2025-02-24T06:51:39.422701" level="INFO">Successfully changed active browser: browser=c2d61702-9ac0-4a01-a6e1-9c77798d87d7</msg>
<msg time="2025-02-24T06:51:39.422701" level="INFO">Switching context to CURRENT in CURRENT</msg>
<msg time="2025-02-24T06:51:39.424713" level="INFO">Returned active context id: CURRENT</msg>
<msg time="2025-02-24T06:51:39.425714" level="INFO">Switching context to context=4cd8ac41-58d3-4d63-9ba6-60ee73dea6fc in CURRENT</msg>
<msg time="2025-02-24T06:51:39.435411" level="INFO">Successfully changed active context: context=4cd8ac41-58d3-4d63-9ba6-60ee73dea6fc</msg>
<msg time="2025-02-24T06:51:39.441412" level="INFO">Successfully closed Context</msg>
<status status="PASS" start="2025-02-24T06:51:37.398099" elapsed="2.005468"/>
</test>
<status status="PASS" start="2025-02-24T06:51:37.229134" elapsed="2.213780"/>
</suite>
<statistics>
<total>
<stat pass="1" fail="0" skip="0">All Tests</stat>
</total>
<tag>
</tag>
<suite>
<stat name="Bookstore" id="s1" pass="1" fail="0" skip="0">Bookstore</stat>
</suite>
</statistics>
<errors>
<msg time="2025-02-24T06:51:37.399100" level="WARN">Open Browser is for quick experimentation and debugging only. Use New Page for production.</msg>
</errors>
</robot>
